<?xml version="1.0" encoding="UTF-8"?>
<coverage generated="1513934046198" clover="3.2.0">
  <project timestamp="1513934046198" name="All files">
    <metrics statements="5" coveredstatements="3" conditionals="0" coveredconditionals="0" methods="2" coveredmethods="1" elements="7" coveredelements="4" complexity="0" loc="5" ncloc="5" packages="1" files="2" classes="2">
      <file name="subtract.js" path="/Users/markronquillo/Personal/notes/videos/courses/frontendmaster-testing-js-apps/basic/subtract.js">
        <metrics statements="2" coveredstatements="0" conditionals="0" coveredconditionals="0" methods="1" coveredmethods="0"/>
        <line num="1" count="0" type="stmt"/>
        <line num="4" count="0" type="stmt"/>
      </file>
      <file name="sum.js" path="/Users/markronquillo/Personal/notes/videos/courses/frontendmaster-testing-js-apps/basic/sum.js">
        <metrics statements="3" coveredstatements="3" conditionals="0" coveredconditionals="0" methods="1" coveredmethods="1"/>
        <line num="1" count="1" type="stmt"/>
        <line num="2" count="1" type="stmt"/>
        <line num="5" count="1" type="stmt"/>
      </file>
    </metrics>
  </project>
</coverage>
