{"/Users/markronquillo/Personal/notes/videos/courses/frontendmaster-testing-js-apps/basic/subtract.js": {"path":"/Users/markronquillo/Personal/notes/videos/courses/frontendmaster-testing-js-apps/basic/subtract.js","statementMap":{"0":{"start":{"line":1,"column":0},"end":{"line":1,"column":26}},"1":{"start":{"line":4,"column":1},"end":{"line":4,"column":14}}},"fnMap":{"0":{"name":"subtract","decl":{"start":{"line":3,"column":9},"end":{"line":3,"column":17}},"loc":{"start":{"line":3,"column":24},"end":{"line":5,"column":1}},"line":3}},"branchMap":{},"s":{"0":0,"1":0},"f":{"0":0},"b":{}}
,"/Users/markronquillo/Personal/notes/videos/courses/frontendmaster-testing-js-apps/basic/sum.js": {"path":"/Users/markronquillo/Personal/notes/videos/courses/frontendmaster-testing-js-apps/basic/sum.js","statementMap":{"0":{"start":{"line":1,"column":12},"end":{"line":3,"column":1}},"1":{"start":{"line":2,"column":1},"end":{"line":2,"column":14}},"2":{"start":{"line":5,"column":0},"end":{"line":5,"column":20}}},"fnMap":{"0":{"name":"(anonymous_0)","decl":{"start":{"line":1,"column":12},"end":{"line":1,"column":13}},"loc":{"start":{"line":1,"column":27},"end":{"line":3,"column":1}},"line":1}},"branchMap":{},"s":{"0":1,"1":1,"2":1},"f":{"0":1},"b":{},"_coverageSchema":"332fd63041d2c1bcb487cc26dd0d5f7d97098a6c","hash":"7455eeb4c6ad0b6535fa323d9ea69a5dc3b62a46"}
}
